0 info it worked if it ends with ok
1 verbose cli [ 'C:\\Program Files\\nodejs\\node.exe',
1 verbose cli   'C:\\Program Files\\nodejs\\node_modules\\npm\\bin\\npm-cli.js',
1 verbose cli   'install',
1 verbose cli   'angular-timedropper' ]
2 info using npm@2.11.3
3 info using node@v0.12.7
4 verbose install initial load of C:\Users\USUARIO\proyectos\package.json
5 verbose installManyTop reading scoped package data from C:\Users\USUARIO\proyectos\node_modules\angular\package.json
6 verbose installManyTop reading scoped package data from C:\Users\USUARIO\proyectos\node_modules\babel-preset-react\package.json
7 verbose installManyTop reading scoped package data from C:\Users\USUARIO\proyectos\node_modules\react\package.json
8 verbose installManyTop reading scoped package data from C:\Users\USUARIO\proyectos\node_modules\react-dom\package.json
9 verbose installManyTop reading scoped package data from C:\Users\USUARIO\proyectos\node_modules\sudo\package.json
10 info package.json sudo@1.0.3 No license field.
11 verbose readDependencies loading dependencies from C:\Users\USUARIO\proyectos\package.json
12 silly cache add args [ 'angular-timedropper', null ]
13 verbose cache add spec angular-timedropper
14 silly cache add parsed spec { raw: 'angular-timedropper',
14 silly cache add   scope: null,
14 silly cache add   name: 'angular-timedropper',
14 silly cache add   rawSpec: '',
14 silly cache add   spec: '*',
14 silly cache add   type: 'range' }
15 silly addNamed angular-timedropper@*
16 verbose addNamed "*" is a valid semver range for angular-timedropper
17 silly addNameRange { name: 'angular-timedropper', range: '*', hasData: false }
18 silly mapToRegistry name angular-timedropper
19 silly mapToRegistry using default registry
20 silly mapToRegistry registry https://registry.npmjs.org/
21 silly mapToRegistry uri https://registry.npmjs.org/angular-timedropper
22 verbose addNameRange registry:https://registry.npmjs.org/angular-timedropper not in flight; fetching
23 verbose request uri https://registry.npmjs.org/angular-timedropper
24 verbose request no auth needed
25 info attempt registry request try #1 at 12:41:47
26 verbose request id 2e8cad7d0c9de0bb
27 http request GET https://registry.npmjs.org/angular-timedropper
28 http 404 https://registry.npmjs.org/angular-timedropper
29 verbose headers { 'content-type': 'application/json',
29 verbose headers   'cache-control': 'max-age=0',
29 verbose headers   'content-length': '2',
29 verbose headers   'accept-ranges': 'bytes',
29 verbose headers   date: 'Thu, 02 Jun 2016 17:41:48 GMT',
29 verbose headers   via: '1.1 varnish',
29 verbose headers   age: '0',
29 verbose headers   connection: 'keep-alive',
29 verbose headers   'x-served-by': 'cache-jfk1045-JFK',
29 verbose headers   'x-cache': 'MISS',
29 verbose headers   'x-cache-hits': '0',
29 verbose headers   'x-timer': 'S1464889308.032133,VS0,VE28',
29 verbose headers   vary: 'Accept-Encoding' }
30 silly get cb [ 404,
30 silly get   { 'content-type': 'application/json',
30 silly get     'cache-control': 'max-age=0',
30 silly get     'content-length': '2',
30 silly get     'accept-ranges': 'bytes',
30 silly get     date: 'Thu, 02 Jun 2016 17:41:48 GMT',
30 silly get     via: '1.1 varnish',
30 silly get     age: '0',
30 silly get     connection: 'keep-alive',
30 silly get     'x-served-by': 'cache-jfk1045-JFK',
30 silly get     'x-cache': 'MISS',
30 silly get     'x-cache-hits': '0',
30 silly get     'x-timer': 'S1464889308.032133,VS0,VE28',
30 silly get     vary: 'Accept-Encoding' } ]
31 verbose stack Error: Registry returned 404 for GET on https://registry.npmjs.org/angular-timedropper
31 verbose stack     at CachingRegistryClient.<anonymous> (C:\Program Files\nodejs\node_modules\npm\node_modules\npm-registry-client\lib\request.js:239:14)
31 verbose stack     at Request._callback (C:\Program Files\nodejs\node_modules\npm\node_modules\npm-registry-client\lib\request.js:170:14)
31 verbose stack     at Request.self.callback (C:\Program Files\nodejs\node_modules\npm\node_modules\request\request.js:354:22)
31 verbose stack     at Request.emit (events.js:110:17)
31 verbose stack     at Request.<anonymous> (C:\Program Files\nodejs\node_modules\npm\node_modules\request\request.js:1207:14)
31 verbose stack     at Request.emit (events.js:129:20)
31 verbose stack     at IncomingMessage.<anonymous> (C:\Program Files\nodejs\node_modules\npm\node_modules\request\request.js:1153:12)
31 verbose stack     at IncomingMessage.emit (events.js:129:20)
31 verbose stack     at _stream_readable.js:908:16
31 verbose stack     at process._tickCallback (node.js:355:11)
32 verbose statusCode 404
33 verbose pkgid angular-timedropper
34 verbose cwd C:\Users\USUARIO\proyectos\SoftDesk
35 error Windows_NT 6.3.9600
36 error argv "C:\\Program Files\\nodejs\\node.exe" "C:\\Program Files\\nodejs\\node_modules\\npm\\bin\\npm-cli.js" "install" "angular-timedropper"
37 error node v0.12.7
38 error npm  v2.11.3
39 error code E404
40 error 404 Registry returned 404 for GET on https://registry.npmjs.org/angular-timedropper
40 error 404
40 error 404 'angular-timedropper' is not in the npm registry.
40 error 404 You should bug the author to publish it (or use the name yourself!)
40 error 404
40 error 404 Note that you can also install from a
40 error 404 tarball, folder, http url, or git url.
41 verbose exit [ 1, true ]
